<?xml version="1.0" encoding="UTF-8"?>
<!-- Generated by org.testng.reporters.JUnitReportReporter -->
<testsuite hostname="DESKTOP-VE8V3VS" failures="0" tests="1" name="com.automation.tests.AutomationScripts" time="36.525" errors="0" timestamp="2023-08-14T09:13:36 CDT" skipped="0">
  <testcase classname="com.automation.tests.AutomationScripts" name="login_to_firebase_testscript" time="36.525"/>
  <system-out/>
</testsuite> <!-- com.automation.tests.AutomationScripts -->
